<?xml version="1.0" encoding="UTF-8"?>
<testsuite name="com.aldeamo.it.ContactsApiTest" time="2.18" tests="1" errors="0" skipped="0" failures="1">
  <properties>
[...]
</properties>
  <testcase name="getAllContactsTest" classname="com.aldeamo.it.ContactsApiTest" time="2.18">
    <failure message="1 expectation failed.&#10;Expected status code &lt;200&gt; but was &lt;404&gt;.&#10;" type="java.lang.AssertionError"><![CDATA[java.lang.AssertionError: 1 expectation failed.
Expected status code <200> but was <404>.

	at sun.reflect.NativeConstructorAccessorImpl.newInstance0(Native Method)
	at sun.reflect.NativeConstructorAccessorImpl.newInstance(NativeConstructorAccessorImpl.java:62)
	at sun.reflect.DelegatingConstructorAccessorImpl.newInstance(DelegatingConstructorAccessorImpl.java:45)
	at java.lang.reflect.Constructor.newInstance(Constructor.java:422)
	at org.codehaus.groovy.reflection.CachedConstructor.invoke(CachedConstructor.java:83)
	at org.codehaus.groovy.reflection.CachedConstructor.doConstructorInvoke(CachedConstructor.java:77)
	at org.codehaus.groovy.runtime.callsite.ConstructorSite$ConstructorSiteNoUnwrap.callConstructor(ConstructorSite.java:84)
	at org.codehaus.groovy.runtime.callsite.CallSiteArray.defaultCallConstructor(CallSiteArray.java:60)
	at org.codehaus.groovy.runtime.callsite.AbstractCallSite.callConstructor(AbstractCallSite.java:235)
	at org.codehaus.groovy.runtime.callsite.AbstractCallSite.callConstructor(AbstractCallSite.java:247)
	at io.restassured.internal.ResponseSpecificationImpl$HamcrestAssertionClosure.validate(ResponseSpecificationImpl.groovy:471)
	at io.restassured.internal.ResponseSpecificationImpl$HamcrestAssertionClosure$validate$1.call(Unknown Source)
	at org.codehaus.groovy.runtime.callsite.CallSiteArray.defaultCall(CallSiteArray.java:48)
	at org.codehaus.groovy.runtime.callsite.AbstractCallSite.call(AbstractCallSite.java:113)
	at org.codehaus.groovy.runtime.callsite.AbstractCallSite.call(AbstractCallSite.java:125)
	at io.restassured.internal.ResponseSpecificationImpl.validateResponseIfRequired(ResponseSpecificationImpl.groovy:636)
	at sun.reflect.NativeMethodAccessorImpl.invoke0(Native Method)
	at sun.reflect.NativeMethodAccessorImpl.invoke(NativeMethodAccessorImpl.java:62)
	at sun.reflect.DelegatingMethodAccessorImpl.invoke(DelegatingMethodAccessorImpl.java:43)
	at java.lang.reflect.Method.invoke(Method.java:497)
	at org.codehaus.groovy.runtime.callsite.PogoMetaMethodSite$PogoCachedMethodSiteNoUnwrapNoCoerce.invoke(PogoMetaMethodSite.java:210)
	at org.codehaus.groovy.runtime.callsite.PogoMetaMethodSite.callCurrent(PogoMetaMethodSite.java:59)
	at org.codehaus.groovy.runtime.callsite.CallSiteArray.defaultCallCurrent(CallSiteArray.java:52)
	at org.codehaus.groovy.runtime.callsite.AbstractCallSite.callCurrent(AbstractCallSite.java:154)
	at org.codehaus.groovy.runtime.callsite.AbstractCallSite.callCurrent(AbstractCallSite.java:166)
	at io.restassured.internal.ResponseSpecificationImpl.statusCode(ResponseSpecificationImpl.groovy:122)
	at io.restassured.specification.ResponseSpecification$statusCode$0.callCurrent(Unknown Source)
	at org.codehaus.groovy.runtime.callsite.CallSiteArray.defaultCallCurrent(CallSiteArray.java:52)
	at org.codehaus.groovy.runtime.callsite.AbstractCallSite.callCurrent(AbstractCallSite.java:154)
	at org.codehaus.groovy.runtime.callsite.AbstractCallSite.callCurrent(AbstractCallSite.java:166)
	at io.restassured.internal.ResponseSpecificationImpl.statusCode(ResponseSpecificationImpl.groovy:130)
	at io.restassured.internal.ValidatableResponseOptionsImpl.statusCode(ValidatableResponseOptionsImpl.java:117)
	at com.aldeamo.it.ContactsApiTest.getAllContactsTest(ContactsApiTest.java:15)
]]></failure>
    <system-out><![CDATA[17:14:21.010 [main] DEBUG org.springframework.test.context.junit4.SpringJUnit4ClassRunner - SpringJUnit4ClassRunner constructor called with [class com.aldeamo.training.DemoAngularBootApplicationTests]
17:14:21.019 [main] DEBUG org.springframework.test.context.BootstrapUtils - Instantiating CacheAwareContextLoaderDelegate from class [org.springframework.test.context.cache.DefaultCacheAwareContextLoaderDelegate]
17:14:21.028 [main] DEBUG org.springframework.test.context.BootstrapUtils - Instantiating BootstrapContext using constructor [public org.springframework.test.context.support.DefaultBootstrapContext(java.lang.Class,org.springframework.test.context.CacheAwareContextLoaderDelegate)]
17:14:21.051 [main] DEBUG org.springframework.test.context.BootstrapUtils - Instantiating TestContextBootstrapper for test class [com.aldeamo.training.DemoAngularBootApplicationTests] from class [org.springframework.boot.test.context.SpringBootTestContextBootstrapper]
17:14:21.084 [main] INFO org.springframework.boot.test.context.SpringBootTestContextBootstrapper - Neither @ContextConfiguration nor @ContextHierarchy found for test class [com.aldeamo.training.DemoAngularBootApplicationTests], using SpringBootContextLoader
17:14:21.092 [main] DEBUG org.springframework.test.context.support.AbstractContextLoader - Did not detect default resource location for test class [com.aldeamo.training.DemoAngularBootApplicationTests]: class path resource [com/aldeamo/training/DemoAngularBootApplicationTests-context.xml] does not exist
17:14:21.093 [main] DEBUG org.springframework.test.context.support.AbstractContextLoader - Did not detect default resource location for test class [com.aldeamo.training.DemoAngularBootApplicationTests]: class path resource [com/aldeamo/training/DemoAngularBootApplicationTestsContext.groovy] does not exist
17:14:21.093 [main] INFO org.springframework.test.context.support.AbstractContextLoader - Could not detect default resource locations for test class [com.aldeamo.training.DemoAngularBootApplicationTests]: no resource found for suffixes {-context.xml, Context.groovy}.
17:14:21.093 [main] INFO org.springframework.test.context.support.AnnotationConfigContextLoaderUtils - Could not detect default configuration classes for test class [com.aldeamo.training.DemoAngularBootApplicationTests]: DemoAngularBootApplicationTests does not declare any static, non-private, non-final, nested classes annotated with @Configuration.
17:14:21.135 [main] DEBUG org.springframework.test.context.support.ActiveProfilesUtils - Could not find an 'annotation declaring class' for annotation type [org.springframework.test.context.ActiveProfiles] and class [com.aldeamo.training.DemoAngularBootApplicationTests]
17:14:21.148 [main] DEBUG org.springframework.core.env.StandardEnvironment - Adding [systemProperties] PropertySource with lowest search precedence
17:14:21.155 [main] DEBUG org.springframework.core.env.StandardEnvironment - Adding [systemEnvironment] PropertySource with lowest search precedence
17:14:21.156 [main] DEBUG org.springframework.core.env.StandardEnvironment - Initialized StandardEnvironment with PropertySources [systemProperties,systemEnvironment]
17:14:21.177 [main] DEBUG org.springframework.core.io.support.PathMatchingResourcePatternResolver - Resolved classpath location [com/aldeamo/training/] to resources [URL [file:/C:/Users/Sancardenasv/workspace/demo-angular-boot/target/test-classes/com/aldeamo/training/], URL [file:/C:/Users/Sancardenasv/workspace/demo-angular-boot/target/classes/com/aldeamo/training/]]
17:14:21.178 [main] DEBUG org.springframework.core.io.support.PathMatchingResourcePatternResolver - Looking for matching resources in directory tree [C:\Users\Sancardenasv\workspace\demo-angular-boot\target\test-classes\com\aldeamo\training]
17:14:21.179 [main] DEBUG org.springframework.core.io.support.PathMatchingResourcePatternResolver - Searching directory [C:\Users\Sancardenasv\workspace\demo-angular-boot\target\test-classes\com\aldeamo\training] for files matching pattern [C:/Users/Sancardenasv/workspace/demo-angular-boot/target/test-classes/com/aldeamo/training/*.class]
17:14:21.183 [main] DEBUG org.springframework.core.io.support.PathMatchingResourcePatternResolver - Looking for matching resources in directory tree [C:\Users\Sancardenasv\workspace\demo-angular-boot\target\classes\com\aldeamo\training]
17:14:21.183 [main] DEBUG org.springframework.core.io.support.PathMatchingResourcePatternResolver - Searching directory [C:\Users\Sancardenasv\workspace\demo-angular-boot\target\classes\com\aldeamo\training] for files matching pattern [C:/Users/Sancardenasv/workspace/demo-angular-boot/target/classes/com/aldeamo/training/*.class]
17:14:21.184 [main] DEBUG org.springframework.core.io.support.PathMatchingResourcePatternResolver - Resolved location pattern [classpath*:com/aldeamo/training/*.class] to resources [file [C:\Users\Sancardenasv\workspace\demo-angular-boot\target\test-classes\com\aldeamo\training\DemoAngularBootApplicationTests.class], file [C:\Users\Sancardenasv\workspace\demo-angular-boot\target\classes\com\aldeamo\training\DemoAngularBootApplication.class]]
17:14:21.268 [main] DEBUG org.springframework.context.annotation.ClassPathScanningCandidateComponentProvider - Identified candidate component class: file [C:\Users\Sancardenasv\workspace\demo-angular-boot\target\classes\com\aldeamo\training\DemoAngularBootApplication.class]
17:14:21.276 [main] INFO org.springframework.boot.test.context.SpringBootTestContextBootstrapper - Found @SpringBootConfiguration com.aldeamo.training.DemoAngularBootApplication for test class com.aldeamo.training.DemoAngularBootApplicationTests
17:14:21.285 [main] DEBUG org.springframework.boot.test.context.SpringBootTestContextBootstrapper - @TestExecutionListeners is not present for class [com.aldeamo.training.DemoAngularBootApplicationTests]: using defaults.
17:14:21.295 [main] INFO org.springframework.boot.test.context.SpringBootTestContextBootstrapper - Loaded default TestExecutionListener class names from location [META-INF/spring.factories]: [org.springframework.boot.test.mock.mockito.MockitoTestExecutionListener, org.springframework.boot.test.mock.mockito.ResetMocksTestExecutionListener, org.springframework.boot.test.autoconfigure.restdocs.RestDocsTestExecutionListener, org.springframework.boot.test.autoconfigure.web.client.MockRestServiceServerResetTestExecutionListener, org.springframework.boot.test.autoconfigure.web.servlet.MockMvcPrintOnlyOnFailureTestExecutionListener, org.springframework.boot.test.autoconfigure.web.servlet.WebDriverTestExecutionListener, org.springframework.test.context.web.ServletTestExecutionListener, org.springframework.test.context.support.DirtiesContextBeforeModesTestExecutionListener, org.springframework.test.context.support.DependencyInjectionTestExecutionListener, org.springframework.test.context.support.DirtiesContextTestExecutionListener, org.springframework.test.context.transaction.TransactionalTestExecutionListener, org.springframework.test.context.jdbc.SqlScriptsTestExecutionListener]
17:14:21.303 [main] INFO org.springframework.boot.test.context.SpringBootTestContextBootstrapper - Could not instantiate TestExecutionListener [org.springframework.test.context.transaction.TransactionalTestExecutionListener]. Specify custom listener classes or make the default listener classes (and their required dependencies) available. Offending class: [org/springframework/transaction/interceptor/TransactionAttributeSource]
17:14:21.311 [main] INFO org.springframework.boot.test.context.SpringBootTestContextBootstrapper - Could not instantiate TestExecutionListener [org.springframework.test.context.jdbc.SqlScriptsTestExecutionListener]. Specify custom listener classes or make the default listener classes (and their required dependencies) available. Offending class: [org/springframework/transaction/interceptor/TransactionAttribute]
17:14:21.311 [main] INFO org.springframework.boot.test.context.SpringBootTestContextBootstrapper - Using TestExecutionListeners: [org.springframework.test.context.web.ServletTestExecutionListener@69379752, org.springframework.test.context.support.DirtiesContextBeforeModesTestExecutionListener@27fe3806, org.springframework.boot.test.autoconfigure.SpringBootDependencyInjectionTestExecutionListener@5f71c76a, org.springframework.test.context.support.DirtiesContextTestExecutionListener@1d7acb34, org.springframework.boot.test.autoconfigure.restdocs.RestDocsTestExecutionListener@48a242ce, org.springframework.boot.test.autoconfigure.web.servlet.MockMvcPrintOnlyOnFailureTestExecutionListener@1e4a7dd4, org.springframework.boot.test.mock.mockito.MockitoTestExecutionListener@4f51b3e0, org.springframework.boot.test.mock.mockito.ResetMocksTestExecutionListener@4b9e255, org.springframework.boot.test.autoconfigure.web.client.MockRestServiceServerResetTestExecutionListener@5e57643e, org.springframework.boot.test.autoconfigure.web.servlet.WebDriverTestExecutionListener@133e16fd]
17:14:21.314 [main] DEBUG org.springframework.test.annotation.ProfileValueUtils - Retrieved @ProfileValueSourceConfiguration [null] for test class [com.aldeamo.training.DemoAngularBootApplicationTests]
17:14:21.314 [main] DEBUG org.springframework.test.annotation.ProfileValueUtils - Retrieved ProfileValueSource type [class org.springframework.test.annotation.SystemProfileValueSource] for class [com.aldeamo.training.DemoAngularBootApplicationTests]
17:14:23.057 [main] DEBUG org.apache.http.impl.conn.BasicClientConnectionManager - Get connection for route {}->http://localhost:8080
17:14:23.080 [main] DEBUG org.apache.http.impl.conn.DefaultClientConnectionOperator - Connecting to localhost:8080
17:14:23.098 [main] DEBUG org.apache.http.client.protocol.RequestAddCookies - CookieSpec selected: ignoreCookies
17:14:23.102 [main] DEBUG org.apache.http.client.protocol.RequestAuthCache - Auth cache not set in the context
17:14:23.102 [main] DEBUG org.apache.http.client.protocol.RequestTargetAuthentication - Target auth state: UNCHALLENGED
17:14:23.103 [main] DEBUG org.apache.http.client.protocol.RequestProxyAuthentication - Proxy auth state: UNCHALLENGED
17:14:23.103 [main] DEBUG org.apache.http.impl.client.DefaultHttpClient - Attempt 1 to execute request
17:14:23.103 [main] DEBUG org.apache.http.impl.conn.DefaultClientConnection - Sending request: GET /api/contactList HTTP/1.1
17:14:23.103 [main] DEBUG org.apache.http.wire -  >> "GET /api/contactList HTTP/1.1[\r][\n]"
17:14:23.105 [main] DEBUG org.apache.http.wire -  >> "Accept: */*[\r][\n]"
17:14:23.107 [main] DEBUG org.apache.http.wire -  >> "Content-Length: 0[\r][\n]"
17:14:23.108 [main] DEBUG org.apache.http.wire -  >> "Host: localhost:8080[\r][\n]"
17:14:23.108 [main] DEBUG org.apache.http.wire -  >> "Connection: Keep-Alive[\r][\n]"
17:14:23.108 [main] DEBUG org.apache.http.wire -  >> "User-Agent: Apache-HttpClient/4.5.2 (Java/1.8.0_45)[\r][\n]"
17:14:23.108 [main] DEBUG org.apache.http.wire -  >> "Accept-Encoding: gzip,deflate[\r][\n]"
17:14:23.109 [main] DEBUG org.apache.http.wire -  >> "[\r][\n]"
17:14:23.113 [main] DEBUG org.apache.http.headers - >> GET /api/contactList HTTP/1.1
17:14:23.114 [main] DEBUG org.apache.http.headers - >> Accept: */*
17:14:23.114 [main] DEBUG org.apache.http.headers - >> Content-Length: 0
17:14:23.115 [main] DEBUG org.apache.http.headers - >> Host: localhost:8080
17:14:23.115 [main] DEBUG org.apache.http.headers - >> Connection: Keep-Alive
17:14:23.115 [main] DEBUG org.apache.http.headers - >> User-Agent: Apache-HttpClient/4.5.2 (Java/1.8.0_45)
17:14:23.115 [main] DEBUG org.apache.http.headers - >> Accept-Encoding: gzip,deflate
17:14:23.370 [main] DEBUG org.apache.http.wire -  << "HTTP/1.1 404 Not Found[\r][\n]"
17:14:23.373 [main] DEBUG org.apache.http.wire -  << "Server: Microsoft-IIS/10.0[\r][\n]"
17:14:23.373 [main] DEBUG org.apache.http.wire -  << "Date: Sat, 11 Feb 2017 22:14:23 GMT[\r][\n]"
17:14:23.373 [main] DEBUG org.apache.http.wire -  << "Content-Length: 0[\r][\n]"
17:14:23.373 [main] DEBUG org.apache.http.wire -  << "[\r][\n]"
17:14:23.374 [main] DEBUG org.apache.http.impl.conn.DefaultClientConnection - Receiving response: HTTP/1.1 404 Not Found
17:14:23.374 [main] DEBUG org.apache.http.headers - << HTTP/1.1 404 Not Found
17:14:23.374 [main] DEBUG org.apache.http.headers - << Server: Microsoft-IIS/10.0
17:14:23.374 [main] DEBUG org.apache.http.headers - << Date: Sat, 11 Feb 2017 22:14:23 GMT
17:14:23.374 [main] DEBUG org.apache.http.headers - << Content-Length: 0
17:14:23.377 [main] DEBUG org.apache.http.impl.client.DefaultHttpClient - Connection can be kept alive indefinitely
HTTP/1.1 404 Not Found
Server: Microsoft-IIS/10.0
Date: Sat, 11 Feb 2017 22:14:23 GMT
Content-Length: 0
]]></system-out>
  </testcase>
</testsuite>