<?xml version="1.0" encoding="UTF-8"?>
<testsuite name="com.aldeamo.it.ContactsApiTest" time="1.196" tests="1" errors="0" skipped="0" failures="1">
  <properties>
[...]
</properties>
  <testcase name="getAllContactsTest" classname="com.aldeamo.it.ContactsApiTest" time="1.196">
    <failure message="1 expectation failed.&#10;Expected status code &lt;200&gt; but was &lt;404&gt;.&#10;" type="java.lang.AssertionError"><![CDATA[java.lang.AssertionError: 1 expectation failed.
Expected status code <200> but was <404>.

	at sun.reflect.NativeConstructorAccessorImpl.newInstance0(Native Method)
	at sun.reflect.NativeConstructorAccessorImpl.newInstance(NativeConstructorAccessorImpl.java:62)
	at sun.reflect.DelegatingConstructorAccessorImpl.newInstance(DelegatingConstructorAccessorImpl.java:45)
	at java.lang.reflect.Constructor.newInstance(Constructor.java:422)
	at org.codehaus.groovy.reflection.CachedConstructor.invoke(CachedConstructor.java:83)
	at org.codehaus.groovy.reflection.CachedConstructor.doConstructorInvoke(CachedConstructor.java:77)
	at org.codehaus.groovy.runtime.callsite.ConstructorSite$ConstructorSiteNoUnwrap.callConstructor(ConstructorSite.java:84)
	at org.codehaus.groovy.runtime.callsite.CallSiteArray.defaultCallConstructor(CallSiteArray.java:60)
	at org.codehaus.groovy.runtime.callsite.AbstractCallSite.callConstructor(AbstractCallSite.java:235)
	at org.codehaus.groovy.runtime.callsite.AbstractCallSite.callConstructor(AbstractCallSite.java:247)
	at io.restassured.internal.ResponseSpecificationImpl$HamcrestAssertionClosure.validate(ResponseSpecificationImpl.groovy:471)
	at io.restassured.internal.ResponseSpecificationImpl$HamcrestAssertionClosure$validate$1.call(Unknown Source)
	at org.codehaus.groovy.runtime.callsite.CallSiteArray.defaultCall(CallSiteArray.java:48)
	at org.codehaus.groovy.runtime.callsite.AbstractCallSite.call(AbstractCallSite.java:113)
	at org.codehaus.groovy.runtime.callsite.AbstractCallSite.call(AbstractCallSite.java:125)
	at io.restassured.internal.ResponseSpecificationImpl.validateResponseIfRequired(ResponseSpecificationImpl.groovy:636)
	at sun.reflect.NativeMethodAccessorImpl.invoke0(Native Method)
	at sun.reflect.NativeMethodAccessorImpl.invoke(NativeMethodAccessorImpl.java:62)
	at sun.reflect.DelegatingMethodAccessorImpl.invoke(DelegatingMethodAccessorImpl.java:43)
	at java.lang.reflect.Method.invoke(Method.java:497)
	at org.codehaus.groovy.runtime.callsite.PogoMetaMethodSite$PogoCachedMethodSiteNoUnwrapNoCoerce.invoke(PogoMetaMethodSite.java:210)
	at org.codehaus.groovy.runtime.callsite.PogoMetaMethodSite.callCurrent(PogoMetaMethodSite.java:59)
	at org.codehaus.groovy.runtime.callsite.CallSiteArray.defaultCallCurrent(CallSiteArray.java:52)
	at org.codehaus.groovy.runtime.callsite.AbstractCallSite.callCurrent(AbstractCallSite.java:154)
	at org.codehaus.groovy.runtime.callsite.AbstractCallSite.callCurrent(AbstractCallSite.java:166)
	at io.restassured.internal.ResponseSpecificationImpl.statusCode(ResponseSpecificationImpl.groovy:122)
	at io.restassured.specification.ResponseSpecification$statusCode$0.callCurrent(Unknown Source)
	at org.codehaus.groovy.runtime.callsite.CallSiteArray.defaultCallCurrent(CallSiteArray.java:52)
	at org.codehaus.groovy.runtime.callsite.AbstractCallSite.callCurrent(AbstractCallSite.java:154)
	at org.codehaus.groovy.runtime.callsite.AbstractCallSite.callCurrent(AbstractCallSite.java:166)
	at io.restassured.internal.ResponseSpecificationImpl.statusCode(ResponseSpecificationImpl.groovy:130)
	at io.restassured.internal.ValidatableResponseOptionsImpl.statusCode(ValidatableResponseOptionsImpl.java:117)
	at com.aldeamo.it.ContactsApiTest.getAllContactsTest(ContactsApiTest.java:15)
]]></failure>
    <system-out><![CDATA[17:03:34.381 [main] DEBUG org.springframework.test.context.junit4.SpringJUnit4ClassRunner - SpringJUnit4ClassRunner constructor called with [class com.aldeamo.training.DemoAngularBootApplicationTests]
17:03:34.386 [main] DEBUG org.springframework.test.context.BootstrapUtils - Instantiating CacheAwareContextLoaderDelegate from class [org.springframework.test.context.cache.DefaultCacheAwareContextLoaderDelegate]
17:03:34.393 [main] DEBUG org.springframework.test.context.BootstrapUtils - Instantiating BootstrapContext using constructor [public org.springframework.test.context.support.DefaultBootstrapContext(java.lang.Class,org.springframework.test.context.CacheAwareContextLoaderDelegate)]
17:03:34.407 [main] DEBUG org.springframework.test.context.BootstrapUtils - Instantiating TestContextBootstrapper for test class [com.aldeamo.training.DemoAngularBootApplicationTests] from class [org.springframework.boot.test.context.SpringBootTestContextBootstrapper]
17:03:34.418 [main] INFO org.springframework.boot.test.context.SpringBootTestContextBootstrapper - Neither @ContextConfiguration nor @ContextHierarchy found for test class [com.aldeamo.training.DemoAngularBootApplicationTests], using SpringBootContextLoader
17:03:34.421 [main] DEBUG org.springframework.test.context.support.AbstractContextLoader - Did not detect default resource location for test class [com.aldeamo.training.DemoAngularBootApplicationTests]: class path resource [com/aldeamo/training/DemoAngularBootApplicationTests-context.xml] does not exist
17:03:34.421 [main] DEBUG org.springframework.test.context.support.AbstractContextLoader - Did not detect default resource location for test class [com.aldeamo.training.DemoAngularBootApplicationTests]: class path resource [com/aldeamo/training/DemoAngularBootApplicationTestsContext.groovy] does not exist
17:03:34.421 [main] INFO org.springframework.test.context.support.AbstractContextLoader - Could not detect default resource locations for test class [com.aldeamo.training.DemoAngularBootApplicationTests]: no resource found for suffixes {-context.xml, Context.groovy}.
17:03:34.422 [main] INFO org.springframework.test.context.support.AnnotationConfigContextLoaderUtils - Could not detect default configuration classes for test class [com.aldeamo.training.DemoAngularBootApplicationTests]: DemoAngularBootApplicationTests does not declare any static, non-private, non-final, nested classes annotated with @Configuration.
17:03:34.451 [main] DEBUG org.springframework.test.context.support.ActiveProfilesUtils - Could not find an 'annotation declaring class' for annotation type [org.springframework.test.context.ActiveProfiles] and class [com.aldeamo.training.DemoAngularBootApplicationTests]
17:03:34.459 [main] DEBUG org.springframework.core.env.StandardEnvironment - Adding [systemProperties] PropertySource with lowest search precedence
17:03:34.460 [main] DEBUG org.springframework.core.env.StandardEnvironment - Adding [systemEnvironment] PropertySource with lowest search precedence
17:03:34.461 [main] DEBUG org.springframework.core.env.StandardEnvironment - Initialized StandardEnvironment with PropertySources [systemProperties,systemEnvironment]
17:03:34.470 [main] DEBUG org.springframework.core.io.support.PathMatchingResourcePatternResolver - Resolved classpath location [com/aldeamo/training/] to resources [URL [file:/C:/Users/Sancardenasv/workspace/demo-angular-boot/target/test-classes/com/aldeamo/training/], URL [file:/C:/Users/Sancardenasv/workspace/demo-angular-boot/target/classes/com/aldeamo/training/]]
17:03:34.471 [main] DEBUG org.springframework.core.io.support.PathMatchingResourcePatternResolver - Looking for matching resources in directory tree [C:\Users\Sancardenasv\workspace\demo-angular-boot\target\test-classes\com\aldeamo\training]
17:03:34.472 [main] DEBUG org.springframework.core.io.support.PathMatchingResourcePatternResolver - Searching directory [C:\Users\Sancardenasv\workspace\demo-angular-boot\target\test-classes\com\aldeamo\training] for files matching pattern [C:/Users/Sancardenasv/workspace/demo-angular-boot/target/test-classes/com/aldeamo/training/*.class]
17:03:34.475 [main] DEBUG org.springframework.core.io.support.PathMatchingResourcePatternResolver - Looking for matching resources in directory tree [C:\Users\Sancardenasv\workspace\demo-angular-boot\target\classes\com\aldeamo\training]
17:03:34.475 [main] DEBUG org.springframework.core.io.support.PathMatchingResourcePatternResolver - Searching directory [C:\Users\Sancardenasv\workspace\demo-angular-boot\target\classes\com\aldeamo\training] for files matching pattern [C:/Users/Sancardenasv/workspace/demo-angular-boot/target/classes/com/aldeamo/training/*.class]
17:03:34.476 [main] DEBUG org.springframework.core.io.support.PathMatchingResourcePatternResolver - Resolved location pattern [classpath*:com/aldeamo/training/*.class] to resources [file [C:\Users\Sancardenasv\workspace\demo-angular-boot\target\test-classes\com\aldeamo\training\DemoAngularBootApplicationTests.class], file [C:\Users\Sancardenasv\workspace\demo-angular-boot\target\classes\com\aldeamo\training\DemoAngularBootApplication.class], file [C:\Users\Sancardenasv\workspace\demo-angular-boot\target\classes\com\aldeamo\training\WebSecurityConfiguration.class]]
17:03:34.517 [main] DEBUG org.springframework.context.annotation.ClassPathScanningCandidateComponentProvider - Identified candidate component class: file [C:\Users\Sancardenasv\workspace\demo-angular-boot\target\classes\com\aldeamo\training\DemoAngularBootApplication.class]
17:03:34.524 [main] INFO org.springframework.boot.test.context.SpringBootTestContextBootstrapper - Found @SpringBootConfiguration com.aldeamo.training.DemoAngularBootApplication for test class com.aldeamo.training.DemoAngularBootApplicationTests
17:03:34.527 [main] DEBUG org.springframework.boot.test.context.SpringBootTestContextBootstrapper - @TestExecutionListeners is not present for class [com.aldeamo.training.DemoAngularBootApplicationTests]: using defaults.
17:03:34.530 [main] INFO org.springframework.boot.test.context.SpringBootTestContextBootstrapper - Loaded default TestExecutionListener class names from location [META-INF/spring.factories]: [org.springframework.boot.test.mock.mockito.MockitoTestExecutionListener, org.springframework.boot.test.mock.mockito.ResetMocksTestExecutionListener, org.springframework.boot.test.autoconfigure.restdocs.RestDocsTestExecutionListener, org.springframework.boot.test.autoconfigure.web.client.MockRestServiceServerResetTestExecutionListener, org.springframework.boot.test.autoconfigure.web.servlet.MockMvcPrintOnlyOnFailureTestExecutionListener, org.springframework.boot.test.autoconfigure.web.servlet.WebDriverTestExecutionListener, org.springframework.test.context.web.ServletTestExecutionListener, org.springframework.test.context.support.DirtiesContextBeforeModesTestExecutionListener, org.springframework.test.context.support.DependencyInjectionTestExecutionListener, org.springframework.test.context.support.DirtiesContextTestExecutionListener, org.springframework.test.context.transaction.TransactionalTestExecutionListener, org.springframework.test.context.jdbc.SqlScriptsTestExecutionListener]
17:03:34.551 [main] INFO org.springframework.boot.test.context.SpringBootTestContextBootstrapper - Could not instantiate TestExecutionListener [org.springframework.test.context.transaction.TransactionalTestExecutionListener]. Specify custom listener classes or make the default listener classes (and their required dependencies) available. Offending class: [org/springframework/transaction/interceptor/TransactionAttributeSource]
17:03:34.554 [main] INFO org.springframework.boot.test.context.SpringBootTestContextBootstrapper - Could not instantiate TestExecutionListener [org.springframework.test.context.jdbc.SqlScriptsTestExecutionListener]. Specify custom listener classes or make the default listener classes (and their required dependencies) available. Offending class: [org/springframework/transaction/interceptor/TransactionAttribute]
17:03:34.555 [main] INFO org.springframework.boot.test.context.SpringBootTestContextBootstrapper - Using TestExecutionListeners: [org.springframework.test.context.web.ServletTestExecutionListener@7fad8c79, org.springframework.test.context.support.DirtiesContextBeforeModesTestExecutionListener@71a794e5, org.springframework.boot.test.autoconfigure.SpringBootDependencyInjectionTestExecutionListener@76329302, org.springframework.test.context.support.DirtiesContextTestExecutionListener@5e25a92e, org.springframework.boot.test.autoconfigure.web.servlet.WebDriverTestExecutionListener@4df828d7, org.springframework.boot.test.mock.mockito.MockitoTestExecutionListener@b59d31, org.springframework.boot.test.mock.mockito.ResetMocksTestExecutionListener@62fdb4a6, org.springframework.boot.test.autoconfigure.web.servlet.MockMvcPrintOnlyOnFailureTestExecutionListener@11e21d0e, org.springframework.boot.test.autoconfigure.restdocs.RestDocsTestExecutionListener@1dd02175, org.springframework.boot.test.autoconfigure.web.client.MockRestServiceServerResetTestExecutionListener@31206beb]
17:03:34.557 [main] DEBUG org.springframework.test.annotation.ProfileValueUtils - Retrieved @ProfileValueSourceConfiguration [null] for test class [com.aldeamo.training.DemoAngularBootApplicationTests]
17:03:34.558 [main] DEBUG org.springframework.test.annotation.ProfileValueUtils - Retrieved ProfileValueSource type [class org.springframework.test.annotation.SystemProfileValueSource] for class [com.aldeamo.training.DemoAngularBootApplicationTests]
17:03:35.483 [main] DEBUG org.apache.http.impl.conn.BasicClientConnectionManager - Get connection for route {}->http://localhost:8080
17:03:35.497 [main] DEBUG org.apache.http.impl.conn.DefaultClientConnectionOperator - Connecting to localhost:8080
17:03:35.511 [main] DEBUG org.apache.http.client.protocol.RequestAddCookies - CookieSpec selected: ignoreCookies
17:03:35.512 [main] DEBUG org.apache.http.client.protocol.RequestAuthCache - Auth cache not set in the context
17:03:35.512 [main] DEBUG org.apache.http.client.protocol.RequestTargetAuthentication - Target auth state: UNCHALLENGED
17:03:35.513 [main] DEBUG org.apache.http.client.protocol.RequestProxyAuthentication - Proxy auth state: UNCHALLENGED
17:03:35.513 [main] DEBUG org.apache.http.impl.client.DefaultHttpClient - Attempt 1 to execute request
17:03:35.513 [main] DEBUG org.apache.http.impl.conn.DefaultClientConnection - Sending request: GET /api/contactList HTTP/1.1
17:03:35.513 [main] DEBUG org.apache.http.wire -  >> "GET /api/contactList HTTP/1.1[\r][\n]"
17:03:35.514 [main] DEBUG org.apache.http.wire -  >> "Accept: */*[\r][\n]"
17:03:35.514 [main] DEBUG org.apache.http.wire -  >> "Content-Length: 0[\r][\n]"
17:03:35.514 [main] DEBUG org.apache.http.wire -  >> "Host: localhost:8080[\r][\n]"
17:03:35.514 [main] DEBUG org.apache.http.wire -  >> "Connection: Keep-Alive[\r][\n]"
17:03:35.515 [main] DEBUG org.apache.http.wire -  >> "User-Agent: Apache-HttpClient/4.5.2 (Java/1.8.0_45)[\r][\n]"
17:03:35.515 [main] DEBUG org.apache.http.wire -  >> "Accept-Encoding: gzip,deflate[\r][\n]"
17:03:35.515 [main] DEBUG org.apache.http.wire -  >> "[\r][\n]"
17:03:35.515 [main] DEBUG org.apache.http.headers - >> GET /api/contactList HTTP/1.1
17:03:35.515 [main] DEBUG org.apache.http.headers - >> Accept: */*
17:03:35.515 [main] DEBUG org.apache.http.headers - >> Content-Length: 0
17:03:35.515 [main] DEBUG org.apache.http.headers - >> Host: localhost:8080
17:03:35.515 [main] DEBUG org.apache.http.headers - >> Connection: Keep-Alive
17:03:35.515 [main] DEBUG org.apache.http.headers - >> User-Agent: Apache-HttpClient/4.5.2 (Java/1.8.0_45)
17:03:35.515 [main] DEBUG org.apache.http.headers - >> Accept-Encoding: gzip,deflate
17:03:35.676 [main] DEBUG org.apache.http.wire -  << "HTTP/1.1 404 Not Found[\r][\n]"
17:03:35.678 [main] DEBUG org.apache.http.wire -  << "Server: Microsoft-IIS/10.0[\r][\n]"
17:03:35.678 [main] DEBUG org.apache.http.wire -  << "Date: Sun, 12 Feb 2017 22:03:35 GMT[\r][\n]"
17:03:35.678 [main] DEBUG org.apache.http.wire -  << "Content-Length: 0[\r][\n]"
17:03:35.678 [main] DEBUG org.apache.http.wire -  << "[\r][\n]"
17:03:35.679 [main] DEBUG org.apache.http.impl.conn.DefaultClientConnection - Receiving response: HTTP/1.1 404 Not Found
17:03:35.679 [main] DEBUG org.apache.http.headers - << HTTP/1.1 404 Not Found
17:03:35.679 [main] DEBUG org.apache.http.headers - << Server: Microsoft-IIS/10.0
17:03:35.679 [main] DEBUG org.apache.http.headers - << Date: Sun, 12 Feb 2017 22:03:35 GMT
17:03:35.679 [main] DEBUG org.apache.http.headers - << Content-Length: 0
17:03:35.682 [main] DEBUG org.apache.http.impl.client.DefaultHttpClient - Connection can be kept alive indefinitely
HTTP/1.1 404 Not Found
Server: Microsoft-IIS/10.0
Date: Sun, 12 Feb 2017 22:03:35 GMT
Content-Length: 0
]]></system-out>
  </testcase>
</testsuite>